[debug] [2018-11-01T15:04:08.216Z] ----------------------------------------------------------------------
[debug] [2018-11-01T15:04:08.226Z] Command:       C:\Program Files\nodejs\node.exe C:\Users\tansuta.r\AppData\Roaming\npm\node_modules\firebase-tools\lib\bin\firebase.js serve
[debug] [2018-11-01T15:04:08.227Z] CLI Version:   6.0.0
[debug] [2018-11-01T15:04:08.227Z] Platform:      win32
[debug] [2018-11-01T15:04:08.227Z] Node Version:  v8.12.0
[debug] [2018-11-01T15:04:08.228Z] Time:          Thu Nov 01 2018 22:04:08 GMT+0700 (SE Asia Standard Time)
[debug] [2018-11-01T15:04:08.228Z] ----------------------------------------------------------------------
[debug] 
[debug] [2018-11-01T15:04:08.313Z] > command requires scopes: ["email","openid","https://www.googleapis.com/auth/cloudplatformprojects.readonly","https://www.googleapis.com/auth/firebase","https://www.googleapis.com/auth/cloud-platform"]
[debug] [2018-11-01T15:04:08.317Z] > authorizing via signed-in user
[debug] [2018-11-01T15:04:08.318Z] [iam] checking project shopee-6d268 for permissions ["firebase.projects.get"]
[debug] [2018-11-01T15:04:08.326Z] > refreshing access token with scopes: ["email","https://www.googleapis.com/auth/cloud-platform","https://www.googleapis.com/auth/cloudplatformprojects.readonly","https://www.googleapis.com/auth/firebase","openid"]
[debug] [2018-11-01T15:04:08.327Z] >>> HTTP REQUEST POST https://www.googleapis.com/oauth2/v3/token  
 <request body omitted>
[debug] [2018-11-01T15:04:09.015Z] <<< HTTP RESPONSE 200
[debug] [2018-11-01T15:04:09.095Z] >>> HTTP REQUEST POST https://cloudresourcemanager.googleapis.com/v1/projects/shopee-6d268:testIamPermissions  

[debug] [2018-11-01T15:04:10.736Z] <<< HTTP RESPONSE 200
[debug] [2018-11-01T15:04:10.739Z] >>> HTTP REQUEST GET https://cloudresourcemanager.googleapis.com/v1/projects/shopee-6d268  
 
[debug] [2018-11-01T15:04:12.406Z] <<< HTTP RESPONSE 200
[info] 
[info] === Serving from 'D:\mobile\377-341\project i'...
[info] 
[debug] [2018-11-01T15:04:12.410Z] >>> HTTP REQUEST GET https://mobilesdk-pa.googleapis.com/v1/projects/515918654581/clients/_:getWebAppConfig  
 
[debug] [2018-11-01T15:04:13.336Z] <<< HTTP RESPONSE 200
[info] i  hosting: Serving hosting files from: public
[info] +  hosting: Local server: http://localhost:5000
